<?xml version="1.0" encoding="UTF-8"?>
<!-- Generated by org.testng.reporters.JUnitXMLReporter -->
<testsuite hostname="INWS0AdityaM-01" ignored="0" name="Ecommerce Test cases" tests="4" failures="0" timestamp="25 Oct 2021 05:35:29 GMT" time="67.75" errors="0">
  <testcase name="loginPageTitleTestBeforelogin" time="0.016" classname="com.demo.testcases.LoginPageTest"/>
  <testcase name="logintest" time="7.34" classname="com.demo.testcases.LoginPageTest"/>
  <testcase name="verifyloginnameOfUserTest" time="0.064" classname="com.demo.testcases.HomePageTest"/>
  <testcase name="loginPageTitleTestAfterlogin" time="6.284" classname="com.demo.testcases.LoginPageTest"/>
</testsuite> <!-- Ecommerce Test cases -->
