<?xml version="1.0" encoding="UTF-8"?>
<!-- Generated by org.testng.reporters.JUnitXMLReporter -->
<testsuite hostname="INWS0AdityaM-01" ignored="0" name="Default test" tests="3" failures="0" timestamp="23 Oct 2021 14:37:45 GMT" time="34.777" errors="0">
  <testcase name="loginPageTitleTestBeforelogin" time="0.015" classname="com.demo.testcases.LoginPageTest"/>
  <testcase name="logintest" time="4.787" classname="com.demo.testcases.LoginPageTest"/>
  <testcase name="loginPageTitleTestAfterlogin" time="4.633" classname="com.demo.testcases.LoginPageTest"/>
</testsuite> <!-- Default test -->
